#
# A fatal error has been detected by the Java Runtime Environment:
#
#  EXCEPTION_ACCESS_VIOLATION (0xc0000005) at pc=0x00007ffe0be07735, pid=15340, tid=12844
#
# JRE version: OpenJDK Runtime Environment JBR-11.0.15.10-2043.56-jcef (11.0.15+10) (build 11.0.15+10-b2043.56)
# Java VM: OpenJDK 64-Bit Server VM JBR-11.0.15.10-2043.56-jcef (11.0.15+10-b2043.56, mixed mode, tiered, compressed oops, g1 gc, windows-amd64)
# Problematic frame:
# C  0x00007ffe0be07735
#
# No core dump will be written. Minidumps are not enabled by default on client versions of Windows
#
# If you would like to submit a bug report, please visit:
#   https://bugreport.java.com/bugreport/crash.jsp
#

---------------  S U M M A R Y ------------

Command Line: -Djava.rmi.server.hostname=127.0.0.1 -Duser.timezone=UTC -Xmx750m -Xms128m -Dfile.encoding=UTF-8 com.intellij.database.remote.RemoteJdbcServer org.postgresql.Driver

Host: AMD Ryzen 5 3600X 6-Core Processor             , 12 cores, 15G,  Windows 10 , 64 bit Build 19041 (10.0.19041.1806)
Time: Sat Jul 30 19:38:03 2022 Türkiye Standart Saati elapsed time: 13389.932590 seconds (0d 3h 43m 9s)

---------------  T H R E A D  ---------------

Current thread (0x0000029c36599800):  JavaThread "C2 CompilerThread0" daemon [_thread_in_native, id=12844, stack(0x000000b64a400000,0x000000b64a500000)]


Current CompileTask:
C2:13389932 2473       4       java.io.ObjectOutputStream::writeString (74 bytes)

Stack: [0x000000b64a400000,0x000000b64a500000],  sp=0x000000b64a4fa7c0,  free space=1001k
Native frames: (J=compiled Java code, j=interpreted, Vv=VM code, C=native code)
C  0x00007ffe0be07735


siginfo: EXCEPTION_ACCESS_VIOLATION (0xc0000005), data execution prevention violation at address 0x00007ffe0be07735


Register to memory mapping:

RIP=0x00007ffe0be07735 is an unknown value
RAX=0x0000029c38074d01 points into unknown readable memory: 0c 01 00 22 6a 61 76
RBX=0x000000b64a4fad90 is pointing into the stack for thread: 0x0000029c36599800
RCX=0x0000000000000275 is an unknown value
RDX=0x0000029c377eb460 points into unknown readable memory: 0x0000000000000000 | 00 00 00 00 00 00 00 00
RSP=0x000000b64a4fa7c0 is pointing into the stack for thread: 0x0000029c36599800
RBP=0x000000b64a4fad90 is pointing into the stack for thread: 0x0000029c36599800
RSI=0x0000029c3729d8d8 points into unknown readable memory: 0x00007ffe0b153fe0 | e0 3f 15 0b fe 7f 00 00
RDI=0x0000029c3729d8d8 points into unknown readable memory: 0x00007ffe0b153fe0 | e0 3f 15 0b fe 7f 00 00
R8 =0x0000000000000282 is an unknown value
R9 =0x0000000000000004 is an unknown value
R10=0x0000000000000005 is an unknown value
R11=0x000000b64a4fa828 is pointing into the stack for thread: 0x0000029c36599800
R12=0x0 is NULL
R13=0x0000029c3729df68 points into unknown readable memory: 0x00007ffe0b153fe0 | e0 3f 15 0b fe 7f 00 00
R14=0x0000029c377eb460 points into unknown readable memory: 0x0000000000000000 | 00 00 00 00 00 00 00 00
R15=0x0000029c3729e0f8 points into unknown readable memory: 0x00007ffe0b1540a0 | a0 40 15 0b fe 7f 00 00


Registers:
RAX=0x0000029c38074d01, RBX=0x000000b64a4fad90, RCX=0x0000000000000275, RDX=0x0000029c377eb460
RSP=0x000000b64a4fa7c0, RBP=0x000000b64a4fad90, RSI=0x0000029c3729d8d8, RDI=0x0000029c3729d8d8
R8 =0x0000000000000282, R9 =0x0000000000000004, R10=0x0000000000000005, R11=0x000000b64a4fa828
R12=0x0000000000000000, R13=0x0000029c3729df68, R14=0x0000029c377eb460, R15=0x0000029c3729e0f8
RIP=0x00007ffe0be07735, EFLAGS=0x0000000000010202

Top of Stack: (sp=0x000000b64a4fa7c0)
0x000000b64a4fa7c0:   000000b64a4fad90 0000000000000fba
0x000000b64a4fa7d0:   0000000000000001 00007ffe0ae2aa06
0x000000b64a4fa7e0:   0000029c37055e40 00007ffe0ae2838e
0x000000b64a4fa7f0:   0000029c37055e40 0000029c3729d8d8
0x000000b64a4fa800:   000000b64a4fad90 000000b64a4fad90
0x000000b64a4fa810:   000000b64a4fa950 000000b64a4fad90
0x000000b64a4fa820:   0000029c3729ec38 00007ffe0ae2a0ed
0x000000b64a4fa830:   00000000000000ef 000000b64a4fad90
0x000000b64a4fa840:   0000000000000000 0000029c3729df68
0x000000b64a4fa850:   0000029c3729e0f8 00000000000000ef
0x000000b64a4fa860:   000000b64a4fad90 0000000000000000
0x000000b64a4fa870:   0000029c3729e0f8 00007ffe0ae2a2c6
0x000000b64a4fa880:   0000029c3729df68 0000029c3729e0f8
0x000000b64a4fa890:   0000000000000001 0000029c3729ec38
0x000000b64a4fa8a0:   000000b64a4fa950 00007ffe0ae29687
0x000000b64a4fa8b0:   0000000000000000 0000029c000000ef 

Instructions: (pc=0x00007ffe0be07735)
0x00007ffe0be07635:   ?? ?? ?? ?? ?? ?? ?? ?? ?? ?? ?? ?? ?? ?? ?? ??
0x00007ffe0be07645:   ?? ?? ?? ?? ?? ?? ?? ?? ?? ?? ?? ?? ?? ?? ?? ??
0x00007ffe0be07655:   ?? ?? ?? ?? ?? ?? ?? ?? ?? ?? ?? ?? ?? ?? ?? ??
0x00007ffe0be07665:   ?? ?? ?? ?? ?? ?? ?? ?? ?? ?? ?? ?? ?? ?? ?? ??
0x00007ffe0be07675:   ?? ?? ?? ?? ?? ?? ?? ?? ?? ?? ?? ?? ?? ?? ?? ??
0x00007ffe0be07685:   ?? ?? ?? ?? ?? ?? ?? ?? ?? ?? ?? ?? ?? ?? ?? ??
0x00007ffe0be07695:   ?? ?? ?? ?? ?? ?? ?? ?? ?? ?? ?? ?? ?? ?? ?? ??
0x00007ffe0be076a5:   ?? ?? ?? ?? ?? ?? ?? ?? ?? ?? ?? ?? ?? ?? ?? ??
0x00007ffe0be076b5:   ?? ?? ?? ?? ?? ?? ?? ?? ?? ?? ?? ?? ?? ?? ?? ??
0x00007ffe0be076c5:   ?? ?? ?? ?? ?? ?? ?? ?? ?? ?? ?? ?? ?? ?? ?? ??
0x00007ffe0be076d5:   ?? ?? ?? ?? ?? ?? ?? ?? ?? ?? ?? ?? ?? ?? ?? ??
0x00007ffe0be076e5:   ?? ?? ?? ?? ?? ?? ?? ?? ?? ?? ?? ?? ?? ?? ?? ??
0x00007ffe0be076f5:   ?? ?? ?? ?? ?? ?? ?? ?? ?? ?? ?? ?? ?? ?? ?? ??
0x00007ffe0be07705:   ?? ?? ?? ?? ?? ?? ?? ?? ?? ?? ?? ?? ?? ?? ?? ??
0x00007ffe0be07715:   ?? ?? ?? ?? ?? ?? ?? ?? ?? ?? ?? ?? ?? ?? ?? ??
0x00007ffe0be07725:   ?? ?? ?? ?? ?? ?? ?? ?? ?? ?? ?? ?? ?? ?? ?? ??
0x00007ffe0be07735:   ?? ?? ?? ?? ?? ?? ?? ?? ?? ?? ?? ?? ?? ?? ?? ??
0x00007ffe0be07745:   ?? ?? ?? ?? ?? ?? ?? ?? ?? ?? ?? ?? ?? ?? ?? ??
0x00007ffe0be07755:   ?? ?? ?? ?? ?? ?? ?? ?? ?? ?? ?? ?? ?? ?? ?? ??
0x00007ffe0be07765:   ?? ?? ?? ?? ?? ?? ?? ?? ?? ?? ?? ?? ?? ?? ?? ??
0x00007ffe0be07775:   ?? ?? ?? ?? ?? ?? ?? ?? ?? ?? ?? ?? ?? ?? ?? ??
0x00007ffe0be07785:   ?? ?? ?? ?? ?? ?? ?? ?? ?? ?? ?? ?? ?? ?? ?? ??
0x00007ffe0be07795:   ?? ?? ?? ?? ?? ?? ?? ?? ?? ?? ?? ?? ?? ?? ?? ??
0x00007ffe0be077a5:   ?? ?? ?? ?? ?? ?? ?? ?? ?? ?? ?? ?? ?? ?? ?? ??
0x00007ffe0be077b5:   ?? ?? ?? ?? ?? ?? ?? ?? ?? ?? ?? ?? ?? ?? ?? ??
0x00007ffe0be077c5:   ?? ?? ?? ?? ?? ?? ?? ?? ?? ?? ?? ?? ?? ?? ?? ??
0x00007ffe0be077d5:   ?? ?? ?? ?? ?? ?? ?? ?? ?? ?? ?? ?? ?? ?? ?? ??
0x00007ffe0be077e5:   ?? ?? ?? ?? ?? ?? ?? ?? ?? ?? ?? ?? ?? ?? ?? ??
0x00007ffe0be077f5:   ?? ?? ?? ?? ?? ?? ?? ?? ?? ?? ?? ?? ?? ?? ?? ??
0x00007ffe0be07805:   ?? ?? ?? ?? ?? ?? ?? ?? ?? ?? ?? ?? ?? ?? ?? ??
0x00007ffe0be07815:   ?? ?? ?? ?? ?? ?? ?? ?? ?? ?? ?? ?? ?? ?? ?? ??
0x00007ffe0be07825:   ?? ?? ?? ?? ?? ?? ?? ?? ?? ?? ?? ?? ?? ?? ?? ?? 


Stack slot to memory mapping:
stack at sp + 0 slots: 0x000000b64a4fad90 is pointing into the stack for thread: 0x0000029c36599800
stack at sp + 1 slots: 0x0000000000000fba is an unknown value
stack at sp + 2 slots: 0x0000000000000001 is an unknown value
stack at sp + 3 slots: 0x00007ffe0ae2aa06 jvm.dll
stack at sp + 4 slots: 0x0000029c37055e40 points into unknown readable memory: 0x00007ffe0b153fe0 | e0 3f 15 0b fe 7f 00 00
stack at sp + 5 slots: 0x00007ffe0ae2838e jvm.dll
stack at sp + 6 slots: 0x0000029c37055e40 points into unknown readable memory: 0x00007ffe0b153fe0 | e0 3f 15 0b fe 7f 00 00
stack at sp + 7 slots: 0x0000029c3729d8d8 points into unknown readable memory: 0x00007ffe0b153fe0 | e0 3f 15 0b fe 7f 00 00


---------------  P R O C E S S  ---------------

Threads class SMR info:
_java_thread_list=0x0000029c38760be0, length=17, elements={
0x0000029c1eb63800, 0x0000029c36574800, 0x0000029c3657d800, 0x0000029c36592800,
0x0000029c36593000, 0x0000029c36594800, 0x0000029c36599800, 0x0000029c365a7000,
0x0000029c365ad800, 0x0000029c37076000, 0x0000029c373ad000, 0x0000029c3743f800,
0x0000029c37438000, 0x0000029c3743a800, 0x0000029c3747e000, 0x0000029c37727800,
0x0000029c38350000
}

Java Threads: ( => current thread )
  0x0000029c1eb63800 JavaThread "main" [_thread_blocked, id=16360, stack(0x000000b649800000,0x000000b649900000)]
  0x0000029c36574800 JavaThread "Reference Handler" daemon [_thread_blocked, id=7532, stack(0x000000b649f00000,0x000000b64a000000)]
  0x0000029c3657d800 JavaThread "Finalizer" daemon [_thread_blocked, id=8876, stack(0x000000b64a000000,0x000000b64a100000)]
  0x0000029c36592800 JavaThread "Signal Dispatcher" daemon [_thread_blocked, id=11584, stack(0x000000b64a100000,0x000000b64a200000)]
  0x0000029c36593000 JavaThread "Attach Listener" daemon [_thread_blocked, id=4984, stack(0x000000b64a200000,0x000000b64a300000)]
  0x0000029c36594800 JavaThread "Service Thread" daemon [_thread_blocked, id=13548, stack(0x000000b64a300000,0x000000b64a400000)]
=>0x0000029c36599800 JavaThread "C2 CompilerThread0" daemon [_thread_in_native, id=12844, stack(0x000000b64a400000,0x000000b64a500000)]
  0x0000029c365a7000 JavaThread "C1 CompilerThread0" daemon [_thread_blocked, id=7452, stack(0x000000b64a500000,0x000000b64a600000)]
  0x0000029c365ad800 JavaThread "Sweeper thread" daemon [_thread_blocked, id=6736, stack(0x000000b64a600000,0x000000b64a700000)]
  0x0000029c37076000 JavaThread "Common-Cleaner" daemon [_thread_blocked, id=7664, stack(0x000000b64a800000,0x000000b64a900000)]
  0x0000029c373ad000 JavaThread "RMI TCP Accept-63264" daemon [_thread_in_native, id=6952, stack(0x000000b64a900000,0x000000b64aa00000)]
  0x0000029c3743f800 JavaThread "RMI TCP Accept-0" daemon [_thread_in_native, id=7332, stack(0x000000b64aa00000,0x000000b64ab00000)]
  0x0000029c37438000 JavaThread "RMI Reaper" [_thread_blocked, id=3540, stack(0x000000b64ab00000,0x000000b64ac00000)]
  0x0000029c3743a800 JavaThread "RMI GC Daemon" daemon [_thread_blocked, id=940, stack(0x000000b64ac00000,0x000000b64ad00000)]
  0x0000029c3747e000 JavaThread "RMI TCP Connection(1)-127.0.0.1" daemon [_thread_in_native, id=920, stack(0x000000b64af00000,0x000000b64b000000)]
  0x0000029c37727800 JavaThread "RMI Scheduler(0)" daemon [_thread_blocked, id=5560, stack(0x000000b64b100000,0x000000b64b200000)]
  0x0000029c38350000 JavaThread "RMI TCP Connection(3)-127.0.0.1" daemon [_thread_in_native, id=6940, stack(0x000000b64ae00000,0x000000b64af00000)]

Other Threads:
  0x0000029c36551800 VMThread "VM Thread" [stack: 0x000000b649e00000,0x000000b649f00000] [id=8640]
  0x0000029c3706c000 WatcherThread [stack: 0x000000b64a700000,0x000000b64a800000] [id=11236]
  0x0000029c1ca0d800 GCTaskThread "GC Thread#0" [stack: 0x000000b649900000,0x000000b649a00000] [id=3600]
  0x0000029c38197000 GCTaskThread "GC Thread#1" [stack: 0x000000b64b300000,0x000000b64b400000] [id=9920]
  0x0000029c37864000 GCTaskThread "GC Thread#2" [stack: 0x000000b64b400000,0x000000b64b500000] [id=9400]
  0x0000029c38363800 GCTaskThread "GC Thread#3" [stack: 0x000000b64b500000,0x000000b64b600000] [id=2920]
  0x0000029c1eb8e800 ConcurrentGCThread "G1 Main Marker" [stack: 0x000000b649a00000,0x000000b649b00000] [id=15900]
  0x0000029c1eb90000 ConcurrentGCThread "G1 Conc#0" [stack: 0x000000b649b00000,0x000000b649c00000] [id=2684]
  0x0000029c1ec3a800 ConcurrentGCThread "G1 Refine#0" [stack: 0x000000b649c00000,0x000000b649d00000] [id=12012]
  0x0000029c3710a000 ConcurrentGCThread "G1 Refine#1" [stack: 0x000000b64b600000,0x000000b64b700000] [id=10256]
  0x0000029c1ec3c800 ConcurrentGCThread "G1 Young RemSet Sampling" [stack: 0x000000b649d00000,0x000000b649e00000] [id=112]

Threads with active compile tasks:
C2 CompilerThread0  13389971 2473       4       java.io.ObjectOutputStream::writeString (74 bytes)

VM state:not at safepoint (normal execution)

VM Mutex/Monitor currently owned by a thread: None

Heap address: 0x00000000d1200000, size: 750 MB, Compressed Oops mode: 32-bit
Narrow klass base: 0x0000000000000000, Narrow klass shift: 3
Compressed class space size: 1073741824 Address: 0x0000000100000000

Heap:
 garbage-first heap   total 131072K, used 9985K [0x00000000d1200000, 0x0000000100000000)
  region size 1024K, 6 young (6144K), 0 survivors (0K)
 Metaspace       used 17830K, capacity 18212K, committed 19328K, reserved 1067008K
  class space    used 1699K, capacity 1860K, committed 2176K, reserved 1048576K
Heap Regions: E=young(eden), S=young(survivor), O=old, HS=humongous(starts), HC=humongous(continues), CS=collection set, F=free, A=archive, TAMS=top-at-mark-start (previous, next)
|   0|0x00000000d1200000, 0x00000000d12ffff0, 0x00000000d1300000| 99%| O|  |TAMS 0x00000000d1200000, 0x00000000d1200000| Untracked 
|   1|0x00000000d1300000, 0x00000000d13edbf0, 0x00000000d1400000| 92%| O|  |TAMS 0x00000000d1300000, 0x00000000d1300000| Untracked 
|   2|0x00000000d1400000, 0x00000000d14f7248, 0x00000000d1500000| 96%| O|  |TAMS 0x00000000d1400000, 0x00000000d1400000| Untracked 
|   3|0x00000000d1500000, 0x00000000d1600000, 0x00000000d1600000|100%| O|  |TAMS 0x00000000d1500000, 0x00000000d1500000| Untracked 
|   4|0x00000000d1600000, 0x00000000d16b0ed0, 0x00000000d1700000| 69%| O|  |TAMS 0x00000000d1600000, 0x00000000d1600000| Untracked 
|   5|0x00000000d1700000, 0x00000000d172aaf0, 0x00000000d1800000| 16%| O|  |TAMS 0x00000000d1700000, 0x00000000d1700000| Untracked 
|   6|0x00000000d1800000, 0x00000000d1800000, 0x00000000d1900000|  0%| F|  |TAMS 0x00000000d1800000, 0x00000000d1800000| Untracked 
|   7|0x00000000d1900000, 0x00000000d1900000, 0x00000000d1a00000|  0%| F|  |TAMS 0x00000000d1900000, 0x00000000d1900000| Untracked 
|   8|0x00000000d1a00000, 0x00000000d1a00000, 0x00000000d1b00000|  0%| F|  |TAMS 0x00000000d1a00000, 0x00000000d1a00000| Untracked 
|   9|0x00000000d1b00000, 0x00000000d1b00000, 0x00000000d1c00000|  0%| F|  |TAMS 0x00000000d1b00000, 0x00000000d1b00000| Untracked 
|  10|0x00000000d1c00000, 0x00000000d1c00000, 0x00000000d1d00000|  0%| F|  |TAMS 0x00000000d1c00000, 0x00000000d1c00000| Untracked 
|  11|0x00000000d1d00000, 0x00000000d1d00000, 0x00000000d1e00000|  0%| F|  |TAMS 0x00000000d1d00000, 0x00000000d1d00000| Untracked 
|  12|0x00000000d1e00000, 0x00000000d1e00000, 0x00000000d1f00000|  0%| F|  |TAMS 0x00000000d1e00000, 0x00000000d1e00000| Untracked 
|  13|0x00000000d1f00000, 0x00000000d1f00000, 0x00000000d2000000|  0%| F|  |TAMS 0x00000000d1f00000, 0x00000000d1f00000| Untracked 
|  14|0x00000000d2000000, 0x00000000d2000000, 0x00000000d2100000|  0%| F|  |TAMS 0x00000000d2000000, 0x00000000d2000000| Untracked 
|  15|0x00000000d2100000, 0x00000000d2100000, 0x00000000d2200000|  0%| F|  |TAMS 0x00000000d2100000, 0x00000000d2100000| Untracked 
|  16|0x00000000d2200000, 0x00000000d2200000, 0x00000000d2300000|  0%| F|  |TAMS 0x00000000d2200000, 0x00000000d2200000| Untracked 
|  17|0x00000000d2300000, 0x00000000d2300000, 0x00000000d2400000|  0%| F|  |TAMS 0x00000000d2300000, 0x00000000d2300000| Untracked 
|  18|0x00000000d2400000, 0x00000000d2400000, 0x00000000d2500000|  0%| F|  |TAMS 0x00000000d2400000, 0x00000000d2400000| Untracked 
|  19|0x00000000d2500000, 0x00000000d2500000, 0x00000000d2600000|  0%| F|  |TAMS 0x00000000d2500000, 0x00000000d2500000| Untracked 
|  20|0x00000000d2600000, 0x00000000d2600000, 0x00000000d2700000|  0%| F|  |TAMS 0x00000000d2600000, 0x00000000d2600000| Untracked 
|  21|0x00000000d2700000, 0x00000000d2700000, 0x00000000d2800000|  0%| F|  |TAMS 0x00000000d2700000, 0x00000000d2700000| Untracked 
|  22|0x00000000d2800000, 0x00000000d2800000, 0x00000000d2900000|  0%| F|  |TAMS 0x00000000d2800000, 0x00000000d2800000| Untracked 
|  23|0x00000000d2900000, 0x00000000d2900000, 0x00000000d2a00000|  0%| F|  |TAMS 0x00000000d2900000, 0x00000000d2900000| Untracked 
|  24|0x00000000d2a00000, 0x00000000d2a00000, 0x00000000d2b00000|  0%| F|  |TAMS 0x00000000d2a00000, 0x00000000d2a00000| Untracked 
|  25|0x00000000d2b00000, 0x00000000d2b00000, 0x00000000d2c00000|  0%| F|  |TAMS 0x00000000d2b00000, 0x00000000d2b00000| Untracked 
|  26|0x00000000d2c00000, 0x00000000d2c00000, 0x00000000d2d00000|  0%| F|  |TAMS 0x00000000d2c00000, 0x00000000d2c00000| Untracked 
|  27|0x00000000d2d00000, 0x00000000d2d00000, 0x00000000d2e00000|  0%| F|  |TAMS 0x00000000d2d00000, 0x00000000d2d00000| Untracked 
|  28|0x00000000d2e00000, 0x00000000d2e00000, 0x00000000d2f00000|  0%| F|  |TAMS 0x00000000d2e00000, 0x00000000d2e00000| Untracked 
|  29|0x00000000d2f00000, 0x00000000d2f00000, 0x00000000d3000000|  0%| F|  |TAMS 0x00000000d2f00000, 0x00000000d2f00000| Untracked 
|  30|0x00000000d3000000, 0x00000000d3000000, 0x00000000d3100000|  0%| F|  |TAMS 0x00000000d3000000, 0x00000000d3000000| Untracked 
|  31|0x00000000d3100000, 0x00000000d3100000, 0x00000000d3200000|  0%| F|  |TAMS 0x00000000d3100000, 0x00000000d3100000| Untracked 
|  32|0x00000000d3200000, 0x00000000d3200000, 0x00000000d3300000|  0%| F|  |TAMS 0x00000000d3200000, 0x00000000d3200000| Untracked 
|  33|0x00000000d3300000, 0x00000000d3300000, 0x00000000d3400000|  0%| F|  |TAMS 0x00000000d3300000, 0x00000000d3300000| Untracked 
|  34|0x00000000d3400000, 0x00000000d3400000, 0x00000000d3500000|  0%| F|  |TAMS 0x00000000d3400000, 0x00000000d3400000| Untracked 
|  35|0x00000000d3500000, 0x00000000d3500000, 0x00000000d3600000|  0%| F|  |TAMS 0x00000000d3500000, 0x00000000d3500000| Untracked 
|  36|0x00000000d3600000, 0x00000000d3600000, 0x00000000d3700000|  0%| F|  |TAMS 0x00000000d3600000, 0x00000000d3600000| Untracked 
|  37|0x00000000d3700000, 0x00000000d3700000, 0x00000000d3800000|  0%| F|  |TAMS 0x00000000d3700000, 0x00000000d3700000| Untracked 
|  38|0x00000000d3800000, 0x00000000d3800000, 0x00000000d3900000|  0%| F|  |TAMS 0x00000000d3800000, 0x00000000d3800000| Untracked 
|  39|0x00000000d3900000, 0x00000000d3900000, 0x00000000d3a00000|  0%| F|  |TAMS 0x00000000d3900000, 0x00000000d3900000| Untracked 
|  40|0x00000000d3a00000, 0x00000000d3a00000, 0x00000000d3b00000|  0%| F|  |TAMS 0x00000000d3a00000, 0x00000000d3a00000| Untracked 
|  41|0x00000000d3b00000, 0x00000000d3b00000, 0x00000000d3c00000|  0%| F|  |TAMS 0x00000000d3b00000, 0x00000000d3b00000| Untracked 
|  42|0x00000000d3c00000, 0x00000000d3c00000, 0x00000000d3d00000|  0%| F|  |TAMS 0x00000000d3c00000, 0x00000000d3c00000| Untracked 
|  43|0x00000000d3d00000, 0x00000000d3d00000, 0x00000000d3e00000|  0%| F|  |TAMS 0x00000000d3d00000, 0x00000000d3d00000| Untracked 
|  44|0x00000000d3e00000, 0x00000000d3e00000, 0x00000000d3f00000|  0%| F|  |TAMS 0x00000000d3e00000, 0x00000000d3e00000| Untracked 
|  45|0x00000000d3f00000, 0x00000000d3f00000, 0x00000000d4000000|  0%| F|  |TAMS 0x00000000d3f00000, 0x00000000d3f00000| Untracked 
|  46|0x00000000d4000000, 0x00000000d4000000, 0x00000000d4100000|  0%| F|  |TAMS 0x00000000d4000000, 0x00000000d4000000| Untracked 
|  47|0x00000000d4100000, 0x00000000d4100000, 0x00000000d4200000|  0%| F|  |TAMS 0x00000000d4100000, 0x00000000d4100000| Untracked 
|  48|0x00000000d4200000, 0x00000000d4200000, 0x00000000d4300000|  0%| F|  |TAMS 0x00000000d4200000, 0x00000000d4200000| Untracked 
|  49|0x00000000d4300000, 0x00000000d4300000, 0x00000000d4400000|  0%| F|  |TAMS 0x00000000d4300000, 0x00000000d4300000| Untracked 
|  50|0x00000000d4400000, 0x00000000d4400000, 0x00000000d4500000|  0%| F|  |TAMS 0x00000000d4400000, 0x00000000d4400000| Untracked 
|  51|0x00000000d4500000, 0x00000000d4500000, 0x00000000d4600000|  0%| F|  |TAMS 0x00000000d4500000, 0x00000000d4500000| Untracked 
|  52|0x00000000d4600000, 0x00000000d4600000, 0x00000000d4700000|  0%| F|  |TAMS 0x00000000d4600000, 0x00000000d4600000| Untracked 
|  53|0x00000000d4700000, 0x00000000d4700000, 0x00000000d4800000|  0%| F|  |TAMS 0x00000000d4700000, 0x00000000d4700000| Untracked 
|  54|0x00000000d4800000, 0x00000000d4800000, 0x00000000d4900000|  0%| F|  |TAMS 0x00000000d4800000, 0x00000000d4800000| Untracked 
|  55|0x00000000d4900000, 0x00000000d4900000, 0x00000000d4a00000|  0%| F|  |TAMS 0x00000000d4900000, 0x00000000d4900000| Untracked 
|  56|0x00000000d4a00000, 0x00000000d4a00000, 0x00000000d4b00000|  0%| F|  |TAMS 0x00000000d4a00000, 0x00000000d4a00000| Untracked 
|  57|0x00000000d4b00000, 0x00000000d4b00000, 0x00000000d4c00000|  0%| F|  |TAMS 0x00000000d4b00000, 0x00000000d4b00000| Untracked 
|  58|0x00000000d4c00000, 0x00000000d4c00000, 0x00000000d4d00000|  0%| F|  |TAMS 0x00000000d4c00000, 0x00000000d4c00000| Untracked 
|  59|0x00000000d4d00000, 0x00000000d4d00000, 0x00000000d4e00000|  0%| F|  |TAMS 0x00000000d4d00000, 0x00000000d4d00000| Untracked 
|  60|0x00000000d4e00000, 0x00000000d4e00000, 0x00000000d4f00000|  0%| F|  |TAMS 0x00000000d4e00000, 0x00000000d4e00000| Untracked 
|  61|0x00000000d4f00000, 0x00000000d4f00000, 0x00000000d5000000|  0%| F|  |TAMS 0x00000000d4f00000, 0x00000000d4f00000| Untracked 
|  62|0x00000000d5000000, 0x00000000d5000000, 0x00000000d5100000|  0%| F|  |TAMS 0x00000000d5000000, 0x00000000d5000000| Untracked 
|  63|0x00000000d5100000, 0x00000000d5100000, 0x00000000d5200000|  0%| F|  |TAMS 0x00000000d5100000, 0x00000000d5100000| Untracked 
|  64|0x00000000d5200000, 0x00000000d5200000, 0x00000000d5300000|  0%| F|  |TAMS 0x00000000d5200000, 0x00000000d5200000| Untracked 
|  65|0x00000000d5300000, 0x00000000d5300000, 0x00000000d5400000|  0%| F|  |TAMS 0x00000000d5300000, 0x00000000d5300000| Untracked 
|  66|0x00000000d5400000, 0x00000000d5400000, 0x00000000d5500000|  0%| F|  |TAMS 0x00000000d5400000, 0x00000000d5400000| Untracked 
|  67|0x00000000d5500000, 0x00000000d5500000, 0x00000000d5600000|  0%| F|  |TAMS 0x00000000d5500000, 0x00000000d5500000| Untracked 
|  68|0x00000000d5600000, 0x00000000d5600000, 0x00000000d5700000|  0%| F|  |TAMS 0x00000000d5600000, 0x00000000d5600000| Untracked 
|  69|0x00000000d5700000, 0x00000000d5700000, 0x00000000d5800000|  0%| F|  |TAMS 0x00000000d5700000, 0x00000000d5700000| Untracked 
|  70|0x00000000d5800000, 0x00000000d5800000, 0x00000000d5900000|  0%| F|  |TAMS 0x00000000d5800000, 0x00000000d5800000| Untracked 
|  71|0x00000000d5900000, 0x00000000d5900000, 0x00000000d5a00000|  0%| F|  |TAMS 0x00000000d5900000, 0x00000000d5900000| Untracked 
|  72|0x00000000d5a00000, 0x00000000d5a00000, 0x00000000d5b00000|  0%| F|  |TAMS 0x00000000d5a00000, 0x00000000d5a00000| Untracked 
|  73|0x00000000d5b00000, 0x00000000d5b00000, 0x00000000d5c00000|  0%| F|  |TAMS 0x00000000d5b00000, 0x00000000d5b00000| Untracked 
|  74|0x00000000d5c00000, 0x00000000d5c00000, 0x00000000d5d00000|  0%| F|  |TAMS 0x00000000d5c00000, 0x00000000d5c00000| Untracked 
|  75|0x00000000d5d00000, 0x00000000d5d00000, 0x00000000d5e00000|  0%| F|  |TAMS 0x00000000d5d00000, 0x00000000d5d00000| Untracked 
|  76|0x00000000d5e00000, 0x00000000d5e00000, 0x00000000d5f00000|  0%| F|  |TAMS 0x00000000d5e00000, 0x00000000d5e00000| Untracked 
|  77|0x00000000d5f00000, 0x00000000d5f00000, 0x00000000d6000000|  0%| F|  |TAMS 0x00000000d5f00000, 0x00000000d5f00000| Untracked 
|  78|0x00000000d6000000, 0x00000000d6000000, 0x00000000d6100000|  0%| F|  |TAMS 0x00000000d6000000, 0x00000000d6000000| Untracked 
|  79|0x00000000d6100000, 0x00000000d6100000, 0x00000000d6200000|  0%| F|  |TAMS 0x00000000d6100000, 0x00000000d6100000| Untracked 
|  80|0x00000000d6200000, 0x00000000d6200000, 0x00000000d6300000|  0%| F|  |TAMS 0x00000000d6200000, 0x00000000d6200000| Untracked 
|  81|0x00000000d6300000, 0x00000000d6300000, 0x00000000d6400000|  0%| F|  |TAMS 0x00000000d6300000, 0x00000000d6300000| Untracked 
|  82|0x00000000d6400000, 0x00000000d6400000, 0x00000000d6500000|  0%| F|  |TAMS 0x00000000d6400000, 0x00000000d6400000| Untracked 
|  83|0x00000000d6500000, 0x00000000d6500000, 0x00000000d6600000|  0%| F|  |TAMS 0x00000000d6500000, 0x00000000d6500000| Untracked 
|  84|0x00000000d6600000, 0x00000000d6600000, 0x00000000d6700000|  0%| F|  |TAMS 0x00000000d6600000, 0x00000000d6600000| Untracked 
|  85|0x00000000d6700000, 0x00000000d6700000, 0x00000000d6800000|  0%| F|  |TAMS 0x00000000d6700000, 0x00000000d6700000| Untracked 
|  86|0x00000000d6800000, 0x00000000d6800000, 0x00000000d6900000|  0%| F|  |TAMS 0x00000000d6800000, 0x00000000d6800000| Untracked 
|  87|0x00000000d6900000, 0x00000000d6900000, 0x00000000d6a00000|  0%| F|  |TAMS 0x00000000d6900000, 0x00000000d6900000| Untracked 
|  88|0x00000000d6a00000, 0x00000000d6a00000, 0x00000000d6b00000|  0%| F|  |TAMS 0x00000000d6a00000, 0x00000000d6a00000| Untracked 
|  89|0x00000000d6b00000, 0x00000000d6b00000, 0x00000000d6c00000|  0%| F|  |TAMS 0x00000000d6b00000, 0x00000000d6b00000| Untracked 
|  90|0x00000000d6c00000, 0x00000000d6c00000, 0x00000000d6d00000|  0%| F|  |TAMS 0x00000000d6c00000, 0x00000000d6c00000| Untracked 
|  91|0x00000000d6d00000, 0x00000000d6d00000, 0x00000000d6e00000|  0%| F|  |TAMS 0x00000000d6d00000, 0x00000000d6d00000| Untracked 
|  92|0x00000000d6e00000, 0x00000000d6e00000, 0x00000000d6f00000|  0%| F|  |TAMS 0x00000000d6e00000, 0x00000000d6e00000| Untracked 
|  93|0x00000000d6f00000, 0x00000000d6f00000, 0x00000000d7000000|  0%| F|  |TAMS 0x00000000d6f00000, 0x00000000d6f00000| Untracked 
|  94|0x00000000d7000000, 0x00000000d7000000, 0x00000000d7100000|  0%| F|  |TAMS 0x00000000d7000000, 0x00000000d7000000| Untracked 
|  95|0x00000000d7100000, 0x00000000d7100000, 0x00000000d7200000|  0%| F|  |TAMS 0x00000000d7100000, 0x00000000d7100000| Untracked 
|  96|0x00000000d7200000, 0x00000000d7200000, 0x00000000d7300000|  0%| F|  |TAMS 0x00000000d7200000, 0x00000000d7200000| Untracked 
|  97|0x00000000d7300000, 0x00000000d7300000, 0x00000000d7400000|  0%| F|  |TAMS 0x00000000d7300000, 0x00000000d7300000| Untracked 
|  98|0x00000000d7400000, 0x00000000d7400000, 0x00000000d7500000|  0%| F|  |TAMS 0x00000000d7400000, 0x00000000d7400000| Untracked 
|  99|0x00000000d7500000, 0x00000000d7500000, 0x00000000d7600000|  0%| F|  |TAMS 0x00000000d7500000, 0x00000000d7500000| Untracked 
| 100|0x00000000d7600000, 0x00000000d7600000, 0x00000000d7700000|  0%| F|  |TAMS 0x00000000d7600000, 0x00000000d7600000| Untracked 
| 101|0x00000000d7700000, 0x00000000d7700000, 0x00000000d7800000|  0%| F|  |TAMS 0x00000000d7700000, 0x00000000d7700000| Untracked 
| 102|0x00000000d7800000, 0x00000000d7800000, 0x00000000d7900000|  0%| F|  |TAMS 0x00000000d7800000, 0x00000000d7800000| Untracked 
| 103|0x00000000d7900000, 0x00000000d7900000, 0x00000000d7a00000|  0%| F|  |TAMS 0x00000000d7900000, 0x00000000d7900000| Untracked 
| 104|0x00000000d7a00000, 0x00000000d7a00000, 0x00000000d7b00000|  0%| F|  |TAMS 0x00000000d7a00000, 0x00000000d7a00000| Untracked 
| 105|0x00000000d7b00000, 0x00000000d7b00000, 0x00000000d7c00000|  0%| F|  |TAMS 0x00000000d7b00000, 0x00000000d7b00000| Untracked 
| 106|0x00000000d7c00000, 0x00000000d7c00000, 0x00000000d7d00000|  0%| F|  |TAMS 0x00000000d7c00000, 0x00000000d7c00000| Untracked 
| 107|0x00000000d7d00000, 0x00000000d7d00000, 0x00000000d7e00000|  0%| F|  |TAMS 0x00000000d7d00000, 0x00000000d7d00000| Untracked 
| 108|0x00000000d7e00000, 0x00000000d7e00000, 0x00000000d7f00000|  0%| F|  |TAMS 0x00000000d7e00000, 0x00000000d7e00000| Untracked 
| 109|0x00000000d7f00000, 0x00000000d7f00000, 0x00000000d8000000|  0%| F|  |TAMS 0x00000000d7f00000, 0x00000000d7f00000| Untracked 
| 110|0x00000000d8000000, 0x00000000d8000000, 0x00000000d8100000|  0%| F|  |TAMS 0x00000000d8000000, 0x00000000d8000000| Untracked 
| 111|0x00000000d8100000, 0x00000000d8100000, 0x00000000d8200000|  0%| F|  |TAMS 0x00000000d8100000, 0x00000000d8100000| Untracked 
| 112|0x00000000d8200000, 0x00000000d8200000, 0x00000000d8300000|  0%| F|  |TAMS 0x00000000d8200000, 0x00000000d8200000| Untracked 
| 113|0x00000000d8300000, 0x00000000d8300000, 0x00000000d8400000|  0%| F|  |TAMS 0x00000000d8300000, 0x00000000d8300000| Untracked 
| 114|0x00000000d8400000, 0x00000000d8400000, 0x00000000d8500000|  0%| F|  |TAMS 0x00000000d8400000, 0x00000000d8400000| Untracked 
| 115|0x00000000d8500000, 0x00000000d8500000, 0x00000000d8600000|  0%| F|  |TAMS 0x00000000d8500000, 0x00000000d8500000| Untracked 
| 116|0x00000000d8600000, 0x00000000d8600000, 0x00000000d8700000|  0%| F|  |TAMS 0x00000000d8600000, 0x00000000d8600000| Untracked 
| 117|0x00000000d8700000, 0x00000000d8700000, 0x00000000d8800000|  0%| F|  |TAMS 0x00000000d8700000, 0x00000000d8700000| Untracked 
| 118|0x00000000d8800000, 0x00000000d8800000, 0x00000000d8900000|  0%| F|  |TAMS 0x00000000d8800000, 0x00000000d8800000| Untracked 
| 119|0x00000000d8900000, 0x00000000d8900000, 0x00000000d8a00000|  0%| F|  |TAMS 0x00000000d8900000, 0x00000000d8900000| Untracked 
| 120|0x00000000d8a00000, 0x00000000d8a00000, 0x00000000d8b00000|  0%| F|  |TAMS 0x00000000d8a00000, 0x00000000d8a00000| Untracked 
| 121|0x00000000d8b00000, 0x00000000d8b00000, 0x00000000d8c00000|  0%| F|  |TAMS 0x00000000d8b00000, 0x00000000d8b00000| Untracked 
| 122|0x00000000d8c00000, 0x00000000d8cd0768, 0x00000000d8d00000| 81%| E|  |TAMS 0x00000000d8c00000, 0x00000000d8c00000| Complete 
| 123|0x00000000d8d00000, 0x00000000d8e00000, 0x00000000d8e00000|100%| E|CS|TAMS 0x00000000d8d00000, 0x00000000d8d00000| Complete 
| 124|0x00000000d8e00000, 0x00000000d8f00000, 0x00000000d8f00000|100%| E|CS|TAMS 0x00000000d8e00000, 0x00000000d8e00000| Complete 
| 125|0x00000000d8f00000, 0x00000000d9000000, 0x00000000d9000000|100%| E|CS|TAMS 0x00000000d8f00000, 0x00000000d8f00000| Complete 
| 126|0x00000000d9000000, 0x00000000d9100000, 0x00000000d9100000|100%| E|CS|TAMS 0x00000000d9000000, 0x00000000d9000000| Complete 
| 127|0x00000000d9100000, 0x00000000d9200000, 0x00000000d9200000|100%| E|CS|TAMS 0x00000000d9100000, 0x00000000d9100000| Complete 

Card table byte_map: [0x0000029c31ea0000,0x0000029c32020000] _byte_map_base: 0x0000029c31817000

Marking Bits (Prev, Next): (CMBitMap*) 0x0000029c1eb8ad58, (CMBitMap*) 0x0000029c1eb8ad90
 Prev Bits: [0x0000029c321a0000, 0x0000029c32d58000)
 Next Bits: [0x0000029c32d60000, 0x0000029c33918000)

Polling page: 0x0000029c1ca30000

Metaspace:

Usage:
  Non-class:     15.97 MB capacity,    15.75 MB ( 99%) used,   184.82 KB (  1%) free+waste,    35.56 KB ( <1%) overhead. 
      Class:      1.82 MB capacity,     1.66 MB ( 91%) used,   144.84 KB (  8%) free+waste,    16.00 KB ( <1%) overhead. 
       Both:     17.79 MB capacity,    17.41 MB ( 98%) used,   329.66 KB (  2%) free+waste,    51.56 KB ( <1%) overhead. 

Virtual space:
  Non-class space:       18.00 MB reserved,      16.75 MB ( 93%) committed 
      Class space:        1.00 GB reserved,       2.13 MB ( <1%) committed 
             Both:        1.02 GB reserved,      18.88 MB (  2%) committed 

Chunk freelists:
   Non-Class:  608.00 KB
       Class:  252.00 KB
        Both:  860.00 KB

MaxMetaspaceSize: 17179869184.00 GB
CompressedClassSpaceSize: 1.00 GB
Initial GC threshold: 20.80 MB
Current GC threshold: 31.46 MB
CDS: off

CodeHeap 'non-profiled nmethods': size=120000Kb used=1605Kb max_used=1605Kb free=118394Kb
 bounds [0x0000029c2a2a0000, 0x0000029c2a510000, 0x0000029c317d0000]
CodeHeap 'profiled nmethods': size=120000Kb used=5095Kb max_used=5095Kb free=114904Kb
 bounds [0x0000029c22d70000, 0x0000029c23270000, 0x0000029c2a2a0000]
CodeHeap 'non-nmethods': size=5760Kb used=1211Kb max_used=1282Kb free=4548Kb
 bounds [0x0000029c227d0000, 0x0000029c22a40000, 0x0000029c22d70000]
 total_blobs=2961 nmethods=2471 adapters=403
 compilation: enabled
              stopped_count=0, restarted_count=0
 full_count=0

Compilation events (20 events):
Event: 10190.087 Thread 0x0000029c36599800 nmethod 2463 0x0000029c2a41db90 code [0x0000029c2a41e080, 0x0000029c2a4239b0]
Event: 10190.087 Thread 0x0000029c36599800 2464       4       java.io.ObjectStreamClass::initNonProxy (551 bytes)
Event: 10190.133 Thread 0x0000029c36599800 nmethod 2464 0x0000029c2a427290 code [0x0000029c2a427500, 0x0000029c2a429730]
Event: 10569.991 Thread 0x0000029c36599800 2465       4       sun.rmi.transport.StreamRemoteCall::<init> (35 bytes)
Event: 10569.994 Thread 0x0000029c36599800 nmethod 2465 0x0000029c2a42a390 code [0x0000029c2a42a520, 0x0000029c2a42a7b8]
Event: 10573.944 Thread 0x0000029c36599800 2466  s    4       sun.rmi.transport.Target::decrementCallCount (49 bytes)
Event: 10573.945 Thread 0x0000029c36599800 nmethod 2466 0x0000029c2a42a810 code [0x0000029c2a42a9a0, 0x0000029c2a42abd8]
Event: 10579.003 Thread 0x0000029c36599800 2467       4       sun.rmi.transport.StreamRemoteCall::getResultStream (86 bytes)
Event: 10579.056 Thread 0x0000029c36599800 nmethod 2467 0x0000029c2a42ac90 code [0x0000029c2a42af80, 0x0000029c2a42d1f0]
Event: 10579.056 Thread 0x0000029c36599800 2468   !   4       sun.rmi.transport.StreamRemoteCall::releaseOutputStream (60 bytes)
Event: 10579.091 Thread 0x0000029c36599800 nmethod 2468 0x0000029c2a42e310 code [0x0000029c2a42e5c0, 0x0000029c2a42fe80]
Event: 11497.861 Thread 0x0000029c36599800 2469       4       sun.rmi.transport.Transport$1::run (5 bytes)
Event: 11497.862 Thread 0x0000029c36599800 nmethod 2469 0x0000029c2a430e90 code [0x0000029c2a431040, 0x0000029c2a431148]
Event: 11497.862 Thread 0x0000029c36599800 2470       4       sun.rmi.server.MarshalOutputStream$1::run (5 bytes)
Event: 11497.862 Thread 0x0000029c36599800 nmethod 2470 0x0000029c2a431290 code [0x0000029c2a431420, 0x0000029c2a4314d8]
Event: 11540.221 Thread 0x0000029c365a7000 2471       3       sun.rmi.transport.DGCImpl::clean (74 bytes)
Event: 11540.222 Thread 0x0000029c365a7000 nmethod 2471 0x0000029c23267e10 code [0x0000029c23268020, 0x0000029c23268588]
Event: 12433.333 Thread 0x0000029c365a7000 2472  s    3       java.util.Vector::removeElementAt (115 bytes)
Event: 12433.335 Thread 0x0000029c365a7000 nmethod 2472 0x0000029c23268890 code [0x0000029c23268b60, 0x0000029c23269928]
Event: 13389.909 Thread 0x0000029c36599800 2473       4       java.io.ObjectOutputStream::writeString (74 bytes)

GC Heap History (10 events):
Event: 0.820 GC heap before
{Heap before GC invocations=0 (full 0):
 garbage-first heap   total 131072K, used 23552K [0x00000000d1200000, 0x0000000100000000)
  region size 1024K, 24 young (24576K), 0 survivors (0K)
 Metaspace       used 16258K, capacity 16788K, committed 17024K, reserved 1064960K
  class space    used 1667K, capacity 1869K, committed 1920K, reserved 1048576K
}
Event: 0.825 GC heap after
{Heap after GC invocations=1 (full 0):
 garbage-first heap   total 131072K, used 5355K [0x00000000d1200000, 0x0000000100000000)
  region size 1024K, 3 young (3072K), 3 survivors (3072K)
 Metaspace       used 16258K, capacity 16788K, committed 17024K, reserved 1064960K
  class space    used 1667K, capacity 1869K, committed 1920K, reserved 1048576K
}
Event: 1.128 GC heap before
{Heap before GC invocations=1 (full 0):
 garbage-first heap   total 131072K, used 15595K [0x00000000d1200000, 0x0000000100000000)
  region size 1024K, 13 young (13312K), 3 survivors (3072K)
 Metaspace       used 17706K, capacity 18323K, committed 18432K, reserved 1064960K
  class space    used 1778K, capacity 1991K, committed 2048K, reserved 1048576K
}
Event: 1.131 GC heap after
{Heap after GC invocations=2 (full 0):
 garbage-first heap   total 131072K, used 6686K [0x00000000d1200000, 0x0000000100000000)
  region size 1024K, 1 young (1024K), 1 survivors (1024K)
 Metaspace       used 17706K, capacity 18323K, committed 18432K, reserved 1064960K
  class space    used 1778K, capacity 1991K, committed 2048K, reserved 1048576K
}
Event: 3601.150 GC heap before
{Heap before GC invocations=2 (full 0):
 garbage-first heap   total 131072K, used 37406K [0x00000000d1200000, 0x0000000100000000)
  region size 1024K, 32 young (32768K), 1 survivors (1024K)
 Metaspace       used 18337K, capacity 18998K, committed 19328K, reserved 1067008K
  class space    used 1822K, capacity 2098K, committed 2176K, reserved 1048576K
}
Event: 3601.168 GC heap after
{Heap after GC invocations=3 (full 1):
 garbage-first heap   total 131072K, used 5887K [0x00000000d1200000, 0x0000000100000000)
  region size 1024K, 0 young (0K), 0 survivors (0K)
 Metaspace       used 18335K, capacity 18995K, committed 19328K, reserved 1067008K
  class space    used 1822K, capacity 2097K, committed 2176K, reserved 1048576K
}
Event: 7201.178 GC heap before
{Heap before GC invocations=3 (full 1):
 garbage-first heap   total 131072K, used 13055K [0x00000000d1200000, 0x0000000100000000)
  region size 1024K, 8 young (8192K), 0 survivors (0K)
 Metaspace       used 18335K, capacity 18995K, committed 19328K, reserved 1067008K
  class space    used 1822K, capacity 2097K, committed 2176K, reserved 1048576K
}
Event: 7201.191 GC heap after
{Heap after GC invocations=4 (full 2):
 garbage-first heap   total 131072K, used 4865K [0x00000000d1200000, 0x0000000100000000)
  region size 1024K, 0 young (0K), 0 survivors (0K)
 Metaspace       used 17824K, capacity 18201K, committed 19328K, reserved 1067008K
  class space    used 1698K, capacity 1859K, committed 2176K, reserved 1048576K
}
Event: 10801.205 GC heap before
{Heap before GC invocations=4 (full 2):
 garbage-first heap   total 131072K, used 12033K [0x00000000d1200000, 0x0000000100000000)
  region size 1024K, 8 young (8192K), 0 survivors (0K)
 Metaspace       used 17830K, capacity 18212K, committed 19328K, reserved 1067008K
  class space    used 1699K, capacity 1860K, committed 2176K, reserved 1048576K
}
Event: 10801.307 GC heap after
{Heap after GC invocations=5 (full 3):
 garbage-first heap   total 131072K, used 4865K [0x00000000d1200000, 0x0000000100000000)
  region size 1024K, 0 young (0K), 0 survivors (0K)
 Metaspace       used 17830K, capacity 18212K, committed 19328K, reserved 1067008K
  class space    used 1699K, capacity 1860K, committed 2176K, reserved 1048576K
}

Deoptimization events (20 events):
Event: 8.798 Thread 0x0000029c38350000 Uncommon trap: trap_request=0xffffff4d fr.pc=0x0000029c2a318610 relative=0x0000000000001630
Event: 8.798 Thread 0x0000029c38350000 Uncommon trap: reason=unstable_if action=reinterpret pc=0x0000029c2a318610 method=com.sun.crypto.provider.PBKDF2KeyImpl.deriveKey(Ljavax/crypto/Mac;[B[BII)[B @ 172 c2
Event: 8.798 Thread 0x0000029c38350000 DEOPT PACKING pc=0x0000029c2a318610 sp=0x000000b64aefa6c0
Event: 8.798 Thread 0x0000029c38350000 DEOPT UNPACKING pc=0x0000029c2281a1af sp=0x000000b64aefa6a8 mode 2
Event: 8.804 Thread 0x0000029c38350000 Uncommon trap: trap_request=0xffffff4d fr.pc=0x0000029c2a361e68 relative=0x0000000000000328
Event: 8.804 Thread 0x0000029c38350000 Uncommon trap: reason=unstable_if action=reinterpret pc=0x0000029c2a361e68 method=java.io.BufferedOutputStream.write([BII)V @ 6 c2
Event: 8.804 Thread 0x0000029c38350000 DEOPT PACKING pc=0x0000029c2a361e68 sp=0x000000b64aefac40
Event: 8.804 Thread 0x0000029c38350000 DEOPT UNPACKING pc=0x0000029c2281a1af sp=0x000000b64aefac08 mode 2
Event: 11.038 Thread 0x0000029c38350000 Uncommon trap: trap_request=0xffffff4d fr.pc=0x0000029c2a38ca38 relative=0x0000000000000a18
Event: 11.038 Thread 0x0000029c38350000 Uncommon trap: reason=unstable_if action=reinterpret pc=0x0000029c2a38ca38 method=java.io.ObjectInputStream$BlockDataInputStream.readUTFBody(J)Ljava/lang/String; @ 3 c2
Event: 11.038 Thread 0x0000029c38350000 DEOPT PACKING pc=0x0000029c2a38ca38 sp=0x000000b64aefa880
Event: 11.038 Thread 0x0000029c38350000 DEOPT UNPACKING pc=0x0000029c2281a1af sp=0x000000b64aefa858 mode 2
Event: 11.048 Thread 0x0000029c38350000 Uncommon trap: trap_request=0xffffff4d fr.pc=0x0000029c2a3a6074 relative=0x0000000000000694
Event: 11.048 Thread 0x0000029c38350000 Uncommon trap: reason=unstable_if action=reinterpret pc=0x0000029c2a3a6074 method=java.lang.PublicMethods$MethodList.filter([Ljava/lang/reflect/Method;Ljava/lang/String;[Ljava/lang/Class;Z)Ljava/lang/PublicMethods$MethodList; @ 58 c2
Event: 11.048 Thread 0x0000029c38350000 DEOPT PACKING pc=0x0000029c2a3a6074 sp=0x000000b64aefaee0
Event: 11.048 Thread 0x0000029c38350000 DEOPT UNPACKING pc=0x0000029c2281a1af sp=0x000000b64aefae80 mode 2
Event: 8290.479 Thread 0x0000029c38350000 Uncommon trap: trap_request=0xffffffcc fr.pc=0x0000029c2a402f20 relative=0x0000000000002f20
Event: 8290.479 Thread 0x0000029c38350000 Uncommon trap: reason=intrinsic_or_type_checked_inlining action=make_not_entrant pc=0x0000029c2a402f20 method=java.util.ArrayList.toArray([Ljava/lang/Object;)[Ljava/lang/Object; @ 36 c2
Event: 8290.479 Thread 0x0000029c38350000 DEOPT PACKING pc=0x0000029c2a402f20 sp=0x000000b64aefb620
Event: 8290.479 Thread 0x0000029c38350000 DEOPT UNPACKING pc=0x0000029c2281a1af sp=0x000000b64aefb480 mode 2

Classes redefined (0 events):
No events

Internal exceptions (20 events):
Event: 0.424 Thread 0x0000029c1eb63800 Exception <a 'java/lang/NoSuchMethodError'{0x00000000d88dfee0}: 'java.lang.Object java.lang.invoke.DirectMethodHandle$Holder.invokeStatic(java.lang.Object, java.lang.Object, java.lang.Object, java.lang.Object, int)'> (0x00000000d88dfee0) thrown at [src/hotspot/share/interpreter/linkResolver.cpp, line 773]
Event: 0.443 Thread 0x0000029c1eb63800 Exception <a 'java/lang/NoSuchMethodError'{0x00000000d87a41b8}: 'java.lang.Object java.lang.invoke.DelegatingMethodHandle$Holder.reinvoke_L(java.lang.Object, java.lang.Object, long)'> (0x00000000d87a41b8) thrown at [src/hotspot/share/interpreter/linkResolver.cpp, line 773]
Event: 0.443 Thread 0x0000029c1eb63800 Exception <a 'java/lang/NoSuchMethodError'{0x00000000d87a73a8}: 'java.lang.Object java.lang.invoke.Invokers$Holder.linkToTargetMethod(java.lang.Object, long, java.lang.Object)'> (0x00000000d87a73a8) thrown at [src/hotspot/share/interpreter/linkResolver.cpp, line 773]
Event: 0.454 Thread 0x0000029c3747e000 Exception <a 'java/lang/NoSuchMethodError'{0x00000000d8649058}: 'java.lang.Object java.lang.invoke.DelegatingMethodHandle$Holder.reinvoke_L(java.lang.Object, int, java.lang.Object)'> (0x00000000d8649058) thrown at [src/hotspot/share/interpreter/linkResolver.cpp, line 773]
Event: 0.491 Thread 0x0000029c37727000 Exception <a 'java/lang/NoSuchMethodError'{0x00000000d8527918}: <clinit>> (0x00000000d8527918) thrown at [src/hotspot/share/prims/jni.cpp, line 1367]
Event: 0.564 Thread 0x0000029c37727000 Exception <a 'java/lang/NoSuchMethodError'{0x00000000d83ae370}: 'java.lang.Object java.lang.invoke.DirectMethodHandle$Holder.invokeVirtual(java.lang.Object, java.lang.Object, java.lang.Object, java.lang.Object)'> (0x00000000d83ae370) thrown at [src/hotspot/share/interpreter/linkResolver.cpp, line 773]
Event: 0.613 Thread 0x0000029c37727000 Exception <a 'java/lang/NoSuchMethodError'{0x00000000d82ea598}: 'java.lang.Object java.lang.invoke.DirectMethodHandle$Holder.invokeStaticInit(java.lang.Object, java.lang.Object, java.lang.Object)'> (0x00000000d82ea598) thrown at [src/hotspot/share/interpreter/linkResolver.cpp, line 773]
Event: 0.699 Thread 0x0000029c37727000 Exception <a 'sun/nio/fs/WindowsException'{0x00000000d7feec08}> (0x00000000d7feec08) thrown at [src/hotspot/share/prims/jni.cpp, line 617]
Event: 0.700 Thread 0x0000029c37727000 Exception <a 'java/lang/NoSuchMethodError'{0x00000000d7ff5d98}: 'int java.lang.invoke.DirectMethodHandle$Holder.invokeSpecialIFC(java.lang.Object, java.lang.Object, int)'> (0x00000000d7ff5d98) thrown at [src/hotspot/share/interpreter/linkResolver.cpp, line 773]
Event: 0.886 Thread 0x0000029c37727000 Exception <a 'java/lang/NoSuchMethodError'{0x00000000d8e49080}: <clinit>> (0x00000000d8e49080) thrown at [src/hotspot/share/prims/jni.cpp, line 1367]
Event: 0.923 Thread 0x0000029c37727000 Exception <a 'java/lang/NoSuchMethodError'{0x00000000d8d5f928}: <clinit>> (0x00000000d8d5f928) thrown at [src/hotspot/share/prims/jni.cpp, line 1367]
Event: 0.924 Thread 0x0000029c37727000 Exception <a 'java/lang/NoSuchMethodError'{0x00000000d8d6c1c0}: <clinit>> (0x00000000d8d6c1c0) thrown at [src/hotspot/share/prims/jni.cpp, line 1367]
Event: 0.948 Thread 0x0000029c37727000 Exception <a 'java/lang/NoSuchMethodError'{0x00000000d8c842f8}: <clinit>> (0x00000000d8c842f8) thrown at [src/hotspot/share/prims/jni.cpp, line 1367]
Event: 0.948 Thread 0x0000029c37727000 Exception <a 'java/lang/NoSuchMethodError'{0x00000000d8c8f428}: <clinit>> (0x00000000d8c8f428) thrown at [src/hotspot/share/prims/jni.cpp, line 1367]
Event: 0.949 Thread 0x0000029c37727000 Exception <a 'java/lang/NoSuchMethodError'{0x00000000d8c9d9b8}: <clinit>> (0x00000000d8c9d9b8) thrown at [src/hotspot/share/prims/jni.cpp, line 1367]
Event: 1.105 Thread 0x0000029c37727000 Exception <a 'java/lang/NoSuchMethodError'{0x00000000d89f1860}: <clinit>> (0x00000000d89f1860) thrown at [src/hotspot/share/prims/jni.cpp, line 1367]
Event: 1.263 Thread 0x0000029c38350000 Implicit null exception at 0x0000029c2a363364 to 0x0000029c2a364630
Event: 1.371 Thread 0x0000029c38350000 Implicit null exception at 0x0000029c2a369c22 to 0x0000029c2a36b154
Event: 8.845 Thread 0x0000029c38350000 Exception <a 'java/lang/NoSuchMethodError'{0x00000000d82765e8}: <clinit>> (0x00000000d82765e8) thrown at [src/hotspot/share/prims/jni.cpp, line 1367]
Event: 32.700 Thread 0x0000029c38350000 Exception <a 'java/lang/NoSuchMethodError'{0x00000000d7dd4df0}: <clinit>> (0x00000000d7dd4df0) thrown at [src/hotspot/share/prims/jni.cpp, line 1367]

Events (20 events):
Event: 117.620 Thread 0x0000029c38763800 Thread exited: 0x0000029c38763800
Event: 117.620 Executing VM operation: RevokeBias
Event: 117.620 Executing VM operation: RevokeBias done
Event: 117.620 Executing VM operation: RevokeBias
Event: 117.620 Executing VM operation: RevokeBias done
Event: 117.620 Thread 0x0000029c37481000 Thread exited: 0x0000029c37481000
Event: 3601.149 Executing VM operation: G1CollectFull
Event: 3601.168 Executing VM operation: G1CollectFull done
Event: 7201.178 Executing VM operation: G1CollectFull
Event: 7201.191 Executing VM operation: G1CollectFull done
Event: 9791.077 Thread 0x0000029c37480800 Thread added: 0x0000029c37480800
Event: 9791.077 Thread 0x0000029c37484800 Thread added: 0x0000029c37484800
Event: 9791.077 Executing VM operation: RevokeBias
Event: 9791.078 Executing VM operation: RevokeBias done
Event: 9791.078 Thread 0x0000029c37480800 Thread exited: 0x0000029c37480800
Event: 9791.078 Executing VM operation: RevokeBias
Event: 9791.078 Executing VM operation: RevokeBias done
Event: 9791.078 Thread 0x0000029c37484800 Thread exited: 0x0000029c37484800
Event: 10801.201 Executing VM operation: G1CollectFull
Event: 10801.307 Executing VM operation: G1CollectFull done


Dynamic libraries:
0x00007ff7ce610000 - 0x00007ff7ce61a000 	C:\Program Files\JetBrains\IntelliJ IDEA 2022.1.3\jbr\bin\java.exe
0x00007ffe61fb0000 - 0x00007ffe621a8000 	C:\WINDOWS\SYSTEM32\ntdll.dll
0x00007ffe60be0000 - 0x00007ffe60c9d000 	C:\WINDOWS\System32\KERNEL32.DLL
0x00007ffe5fa50000 - 0x00007ffe5fd1e000 	C:\WINDOWS\System32\KERNELBASE.dll
0x00007ffe5f6d0000 - 0x00007ffe5f7d0000 	C:\WINDOWS\System32\ucrtbase.dll
0x00007ffe4f260000 - 0x00007ffe4f276000 	C:\Program Files\JetBrains\IntelliJ IDEA 2022.1.3\jbr\bin\VCRUNTIME140.dll
0x00007ffe4f280000 - 0x00007ffe4f299000 	C:\Program Files\JetBrains\IntelliJ IDEA 2022.1.3\jbr\bin\jli.dll
0x00007ffe60860000 - 0x00007ffe60a00000 	C:\WINDOWS\System32\USER32.dll
0x00007ffe4a040000 - 0x00007ffe4a2da000 	C:\WINDOWS\WinSxS\amd64_microsoft.windows.common-controls_6595b64144ccf1df_6.0.19041.1110_none_60b5254171f9507e\COMCTL32.dll
0x00007ffe5ff50000 - 0x00007ffe5ff72000 	C:\WINDOWS\System32\win32u.dll
0x00007ffe60760000 - 0x00007ffe607fe000 	C:\WINDOWS\System32\msvcrt.dll
0x00007ffe61db0000 - 0x00007ffe61dda000 	C:\WINDOWS\System32\GDI32.dll
0x00007ffe5f880000 - 0x00007ffe5f98b000 	C:\WINDOWS\System32\gdi32full.dll
0x00007ffe5fd50000 - 0x00007ffe5fded000 	C:\WINDOWS\System32\msvcp_win.dll
0x00007ffe61910000 - 0x00007ffe61940000 	C:\WINDOWS\System32\IMM32.DLL
0x00007ffe4dd00000 - 0x00007ffe4ddaa000 	C:\Program Files\JetBrains\IntelliJ IDEA 2022.1.3\jbr\bin\msvcp140.dll
0x00007ffe0a8f0000 - 0x00007ffe0b46b000 	C:\Program Files\JetBrains\IntelliJ IDEA 2022.1.3\jbr\bin\server\jvm.dll
0x00007ffe60cd0000 - 0x00007ffe60d7e000 	C:\WINDOWS\System32\ADVAPI32.dll
0x00007ffe61090000 - 0x00007ffe6112c000 	C:\WINDOWS\System32\sechost.dll
0x00007ffe60e70000 - 0x00007ffe60f95000 	C:\WINDOWS\System32\RPCRT4.dll
0x00007ffe61080000 - 0x00007ffe61088000 	C:\WINDOWS\System32\PSAPI.DLL
0x00007ffe4ac10000 - 0x00007ffe4ac19000 	C:\WINDOWS\SYSTEM32\WSOCK32.dll
0x00007ffe54ef0000 - 0x00007ffe54f17000 	C:\WINDOWS\SYSTEM32\WINMM.dll
0x00007ffe57f30000 - 0x00007ffe57f3a000 	C:\WINDOWS\SYSTEM32\VERSION.dll
0x00007ffe60fa0000 - 0x00007ffe6100b000 	C:\WINDOWS\System32\WS2_32.dll
0x00007ffe5df40000 - 0x00007ffe5df52000 	C:\WINDOWS\SYSTEM32\kernel.appcore.dll
0x00007ffe5abb0000 - 0x00007ffe5abc1000 	C:\Program Files\JetBrains\IntelliJ IDEA 2022.1.3\jbr\bin\verify.dll
0x00007ffe5c950000 - 0x00007ffe5cb34000 	C:\WINDOWS\SYSTEM32\DBGHELP.DLL
0x00007ffe4b5b0000 - 0x00007ffe4b5dc000 	C:\WINDOWS\SYSTEM32\dbgcore.DLL
0x00007ffe5ff80000 - 0x00007ffe60002000 	C:\WINDOWS\System32\bcryptPrimitives.dll
0x00007ffe40320000 - 0x00007ffe40349000 	C:\Program Files\JetBrains\IntelliJ IDEA 2022.1.3\jbr\bin\java.dll
0x00007ffe5aba0000 - 0x00007ffe5abab000 	C:\Program Files\JetBrains\IntelliJ IDEA 2022.1.3\jbr\bin\jimage.dll
0x00007ffe41630000 - 0x00007ffe41649000 	C:\Program Files\JetBrains\IntelliJ IDEA 2022.1.3\jbr\bin\zip.dll
0x00007ffe60010000 - 0x00007ffe60754000 	C:\WINDOWS\System32\SHELL32.dll
0x00007ffe5d790000 - 0x00007ffe5df24000 	C:\WINDOWS\SYSTEM32\windows.storage.dll
0x00007ffe61130000 - 0x00007ffe61484000 	C:\WINDOWS\System32\combase.dll
0x00007ffe5f050000 - 0x00007ffe5f080000 	C:\WINDOWS\SYSTEM32\Wldp.dll
0x00007ffe61ec0000 - 0x00007ffe61f6d000 	C:\WINDOWS\System32\SHCORE.dll
0x00007ffe60800000 - 0x00007ffe60855000 	C:\WINDOWS\System32\shlwapi.dll
0x00007ffe5f610000 - 0x00007ffe5f62f000 	C:\WINDOWS\SYSTEM32\profapi.dll
0x00007ffe40300000 - 0x00007ffe4031a000 	C:\Program Files\JetBrains\IntelliJ IDEA 2022.1.3\jbr\bin\net.dll
0x00007ffe57f40000 - 0x00007ffe5804a000 	C:\WINDOWS\SYSTEM32\WINHTTP.dll
0x00007ffe5edc0000 - 0x00007ffe5ee2a000 	C:\WINDOWS\system32\mswsock.dll
0x00007ffe402e0000 - 0x00007ffe402f4000 	C:\Program Files\JetBrains\IntelliJ IDEA 2022.1.3\jbr\bin\nio.dll
0x00007ffe5f100000 - 0x00007ffe5f118000 	C:\WINDOWS\SYSTEM32\CRYPTSP.dll
0x00007ffe5e700000 - 0x00007ffe5e734000 	C:\WINDOWS\system32\rsaenh.dll
0x00007ffe5fd20000 - 0x00007ffe5fd47000 	C:\WINDOWS\System32\bcrypt.dll
0x00007ffe5f5d0000 - 0x00007ffe5f5fe000 	C:\WINDOWS\SYSTEM32\USERENV.dll
0x00007ffe5ef50000 - 0x00007ffe5ef5c000 	C:\WINDOWS\SYSTEM32\CRYPTBASE.dll
0x00007ffe5ea70000 - 0x00007ffe5eaab000 	C:\WINDOWS\SYSTEM32\IPHLPAPI.DLL
0x00007ffe60ca0000 - 0x00007ffe60ca8000 	C:\WINDOWS\System32\NSI.dll
0x00007ffe58fe0000 - 0x00007ffe58ff7000 	C:\WINDOWS\SYSTEM32\dhcpcsvc6.DLL
0x00007ffe58fc0000 - 0x00007ffe58fdd000 	C:\WINDOWS\SYSTEM32\dhcpcsvc.DLL
0x00007ffe5eab0000 - 0x00007ffe5eb7b000 	C:\WINDOWS\SYSTEM32\DNSAPI.dll
0x00007ffe40eb0000 - 0x00007ffe40eb8000 	C:\Program Files\JetBrains\IntelliJ IDEA 2022.1.3\jbr\bin\rmi.dll
0x00007ffe58fb0000 - 0x00007ffe58fba000 	C:\Windows\System32\rasadhlp.dll
0x00007ffe57840000 - 0x00007ffe578c0000 	C:\WINDOWS\System32\fwpuclnt.dll
0x00007ffe59ba0000 - 0x00007ffe59baa000 	C:\Program Files\JetBrains\IntelliJ IDEA 2022.1.3\jbr\bin\management.dll
0x00007ffe4e6e0000 - 0x00007ffe4e6ed000 	C:\Program Files\JetBrains\IntelliJ IDEA 2022.1.3\jbr\bin\management_ext.dll
0x00007ffe59dc0000 - 0x00007ffe59dcf000 	C:\Program Files\JetBrains\IntelliJ IDEA 2022.1.3\jbr\bin\sunmscapi.dll
0x00007ffe5fdf0000 - 0x00007ffe5ff46000 	C:\WINDOWS\System32\CRYPT32.dll
0x00007ffe5f0c0000 - 0x00007ffe5f0e7000 	C:\WINDOWS\SYSTEM32\ncrypt.dll
0x00007ffe5f080000 - 0x00007ffe5f0bb000 	C:\WINDOWS\SYSTEM32\NTASN1.dll
0x00007ffe402b0000 - 0x00007ffe402d8000 	C:\Program Files\JetBrains\IntelliJ IDEA 2022.1.3\jbr\bin\sunec.dll

dbghelp: loaded successfully - version: 4.0.5 - missing functions: none
symbol engine: initialized successfully - sym options: 0x614 - pdb path: .;C:\Program Files\JetBrains\IntelliJ IDEA 2022.1.3\jbr\bin;C:\WINDOWS\SYSTEM32;C:\WINDOWS\WinSxS\amd64_microsoft.windows.common-controls_6595b64144ccf1df_6.0.19041.1110_none_60b5254171f9507e;C:\Program Files\JetBrains\IntelliJ IDEA 2022.1.3\jbr\bin\server

VM Arguments:
jvm_args: -Djava.rmi.server.hostname=127.0.0.1 -Duser.timezone=UTC -Xmx750m -Xms128m -Dfile.encoding=UTF-8 
java_command: com.intellij.database.remote.RemoteJdbcServer org.postgresql.Driver
java_class_path (initial): C:\Program Files\JetBrains\IntelliJ IDEA 2022.1.3\lib\util_rt.jar;C:\Program Files\JetBrains\IntelliJ IDEA 2022.1.3\lib\util.jar;C:\Program Files\JetBrains\IntelliJ IDEA 2022.1.3\lib\groovy.jar;C:\Program Files\JetBrains\IntelliJ IDEA 2022.1.3\plugins\DatabaseTools\lib\jdbc-console.jar;C:\Users\emrhn\AppData\Roaming\JetBrains\IntelliJIdea2022.1\jdbc-drivers\PostgreSQL\42.4.0\org\postgresql\postgresql\42.4.0\postgresql-42.4.0.jar;C:\Users\emrhn\AppData\Roaming\JetBrains\IntelliJIdea2022.1\jdbc-drivers\PostgreSQL\42.4.0\org\checkerframework\checker-qual\3.5.0\checker-qual-3.5.0.jar;C:\Users\emrhn\AppData\Roaming\JetBrains\IntelliJIdea2022.1\jdbc-drivers\PostgreSQL\42.4.0\net\java\dev\jna\jna-platform\5.12.0\jna-platform-5.12.0.jar;C:\Users\emrhn\AppData\Roaming\JetBrains\IntelliJIdea2022.1\jdbc-drivers\PostgreSQL\42.4.0\net\java\dev\jna\jna\5.12.0\jna-5.12.0.jar;C:\Users\emrhn\AppData\Roaming\JetBrains\IntelliJIdea2022.1\jdbc-drivers\PostgreSQL\42.4.0\com\github\waffle\waffle-jna\1.9.1\waffle-jna-1.9.1.jar;C:\Users\emrhn\AppData\Roaming\JetBrains\IntelliJIdea2022.1\jdbc-drivers\PostgreSQL\42.4.0\net\java\dev\jna\jna\4.5.1\jna-4.5.1.jar;C:\Users\emrhn\AppData\Roaming\JetBrains\IntelliJIdea2022.1\jdbc-drivers\PostgreSQL\42.4.0\net\java\dev\jna\jna-platform\4.5.1\jna-platform-4.5.1.jar;C:\Users\emrhn\AppData\Roaming\JetBrains\IntelliJIdea2022.1\jdbc-drivers\PostgreSQL\42.4.0\org\slf4j\jcl-over-slf4j\1.7.25\jcl-over-slf4j-1.7.25.jar;C:\Users\emrhn\AppData\Roaming\JetBrains\IntelliJIdea2022.1\jdbc-drivers\PostgreSQL\42.4.0\org\slf4j\slf4j-api\1.7.25\slf4j-api-1.7.25.jar;C:\Users\emrhn\AppData\Roaming\JetBrains\IntelliJIdea2022.1\jdbc-drivers\PostgreSQL\42.4.0\com\github\ben-manes\caffeine\caffeine\2.6.2\caffeine-2.6.2.jar
Launcher Type: SUN_STANDARD

[Global flags]
     intx CICompilerCount                          = 4                                         {product} {ergonomic}
     uint ConcGCThreads                            = 3                                         {product} {ergonomic}
     uint G1ConcRefinementThreads                  = 10                                        {product} {ergonomic}
   size_t G1HeapRegionSize                         = 1048576                                   {product} {ergonomic}
    uintx GCDrainStackTargetSize                   = 64                                        {product} {ergonomic}
   size_t InitialHeapSize                          = 134217728                                 {product} {command line}
   size_t MarkStackSize                            = 4194304                                   {product} {ergonomic}
   size_t MaxHeapSize                              = 786432000                                 {product} {command line}
   size_t MaxNewSize                               = 471859200                                 {product} {ergonomic}
   size_t MinHeapDeltaBytes                        = 1048576                                   {product} {ergonomic}
    uintx NonNMethodCodeHeapSize                   = 5836300                                {pd product} {ergonomic}
    uintx NonProfiledCodeHeapSize                  = 122910970                              {pd product} {ergonomic}
    uintx ProfiledCodeHeapSize                     = 122910970                              {pd product} {ergonomic}
    uintx ReservedCodeCacheSize                    = 251658240                              {pd product} {ergonomic}
     bool SegmentedCodeCache                       = true                                      {product} {ergonomic}
     bool UseCompressedClassPointers               = true                                 {lp64_product} {ergonomic}
     bool UseCompressedOops                        = true                                 {lp64_product} {ergonomic}
     bool UseG1GC                                  = true                                      {product} {ergonomic}
     bool UseLargePagesIndividualAllocation        = false                                  {pd product} {ergonomic}

Logging:
Log output configuration:
 #0: stdout all=warning uptime,level,tags
 #1: stderr all=off uptime,level,tags

Environment Variables:
PATH=C:\dsada\bin;C:\dsada\libexec\gcc\x86_64-w64-mingw32\10.2.0;C:\Program Files (x86)\Common Files\Oracle\Java\javapath;C:\WINDOWS\system32;C:\WINDOWS;C:\WINDOWS\System32\Wbem;C:\WINDOWS\System32\WindowsPowerShell\v1.0\;C:\WINDOWS\System32\OpenSSH\;C:\Program Files (x86)\NVIDIA Corporation\PhysX\Common;C:\Program Files\dotnet\;C:\WINDOWS\system32;C:\WINDOWS;C:\WINDOWS\System32\Wbem;C:\WINDOWS\System32\WindowsPowerShell\v1.0\;C:\WINDOWS\System32\OpenSSH\;C:\Program Files\Microsoft\Web Platform Installer\;C:\Program Files (x86)\Microsoft ASP.NET\ASP.NET Web Pages\v1.0\;C:\Program Files\Microsoft SQL Server\110\Tools\Binn\;C:\wamp64\bin\php\php5.6.40;C:\ProgramData\ComposerSetup\bin;C:\Program Files\Git\cmd;C:\Program Files\nodejs\;C:\Program Files\Android\Android Studio\jre\bin\bin;C:\WINDOWS\system32\config\systemprofile\.dnx\bin;C:\Program Files\Microsoft DNX\Dnvm\;C:\Program Files\Microsoft SQL Server\130\Tools\Binn\;C:\Program Files\PostgreSQL\14\bin;;C:\Program Files\Docker\Docker\resources\bin;C:\ProgramData\DockerDesktop\version-bin;C:\Users\emrhn\AppData\Local\Programs\Python\Python39\Scripts\;C:\Users\emrhn\AppData\Local\Programs\Python\Python39\;"C:\Users\emrhn\AppData\Local\Microsoft\WindowsApps;C:\Program Files\Java\jdk1.8.0_261\bin;C:\Program Files\Java\jre1.8.0_261";C:\Users\emrhn\.dotnet\tools;C:\Users\emrhn\AppData\Local\Microsoft\WindowsApps;C:\Users\emrhn\AppData\Local\Programs\Microsoft VS Code\bin;C:\Users\emrhn\AppData\Roaming\Composer\vendor\bin;C:\Program Files\heroku\bin;C:\src\flutter\bin;C:\Users\emrhn\AppData\Roaming\npm;C:\Program Files\JetBrains\IntelliJ IDEA 2022.1.3\bin;
USERNAME=emrhn
OS=Windows_NT
PROCESSOR_IDENTIFIER=AMD64 Family 23 Model 113 Stepping 0, AuthenticAMD



---------------  S Y S T E M  ---------------

OS: Windows 10 , 64 bit Build 19041 (10.0.19041.1806)
OS uptime: 0 days 5:30 hours
Hyper-V role detected

CPU:total 12 (initial active 12) (12 cores per cpu, 2 threads per core) family 23 model 113 stepping 0 microcode 0x0, cmov, cx8, fxsr, mmx, sse, sse2, sse3, ssse3, sse4.1, sse4.2, popcnt, avx, avx2, aes, clmul, mmxext, 3dnowpref, lzcnt, sse4a, ht, tsc, tscinvbit, tscinv, bmi1, bmi2, adx, sha, fma

Memory: 4k page, system-wide physical 16333M (3446M free)
TotalPageFile size 26978M (AvailPageFile size 4144M)
current process WorkingSet (physical memory assigned to process): 30M, peak: 152M
current process commit charge ("private bytes"): 235M, peak: 287M

vm_info: OpenJDK 64-Bit Server VM (11.0.15+10-b2043.56) for windows-amd64 JRE (11.0.15+10-b2043.56), built on May 16 2022 02:28:12 by "" with MS VC++ 14.0 (VS2015)

END.
